<?xml version="1.0" encoding="UTF-8"?>
<!-- Generated by org.testng.reporters.JUnitReportReporter -->
<testsuite hostname="DESKTOP-ERIN9PK" name="evision.Login" tests="4" failures="0" timestamp="7 Oct 2016 16:55:15 GMT" time="67.859" errors="0">
  <testcase name="afterLoginVerifyHomePageTitle" time="53.792" classname="evision.Login"/>
  <testcase name="beforeLoginVerifyHomePageTitle" time="0.051" classname="evision.Login"/>
  <testcase name="logIn" time="2.096" classname="evision.Login"/>
  <testcase name="getBrowser" time="11.920" classname="evision.Login"/>
</testsuite> <!-- evision.Login -->
