<?xml version="1.0" encoding="UTF-8"?>
<!-- Generated by org.testng.reporters.JUnitReportReporter -->
<testsuite hostname="DESKTOP-ERIN9PK" name="evision.BaseClass" tests="1" failures="0" timestamp="7 Oct 2016 18:33:34 GMT" time="5.120" errors="0">
  <testcase name="getBrowser" time="5.120" classname="evision.BaseClass"/>
</testsuite> <!-- evision.BaseClass -->
