<?xml version="1.0" encoding="UTF-8"?>
<!-- Generated by org.testng.reporters.JUnitReportReporter -->
<testsuite hostname="DESKTOP-ERIN9PK" name="evision.TestScenarios" tests="5" failures="0" timestamp="8 Oct 2016 20:34:32 GMT" time="256.801" errors="0">
  <testcase name="afterLoginVerifyHomePageTitle" time="27.973" classname="evision.TestScenarios"/>
  <testcase name="beforeLoginVerifyHomePageTitle" time="0.077" classname="evision.TestScenarios"/>
  <testcase name="TestSteps" time="220.564" classname="evision.TestScenarios"/>
  <testcase name="logIn" time="2.252" classname="evision.TestScenarios"/>
  <testcase name="getBrowser" time="5.935" classname="evision.TestScenarios"/>
</testsuite> <!-- evision.TestScenarios -->
