<?xml version="1.0" encoding="UTF-8"?>
<!-- Generated by org.testng.reporters.JUnitReportReporter -->
<testsuite skipped="0" hostname="DESKTOP-KQD3CDK" name="testpackage.BaseClass2" tests="1" failures="0" timestamp="15 Jan 2018 12:09:14 GMT" time="1057.465" errors="0">
  <testcase name="loading_test" time="1057.465" classname="testpackage.BaseClass2"/>
</testsuite> <!-- testpackage.BaseClass2 -->
