<?xml version="1.0" encoding="UTF-8"?>
<!-- Generated by org.testng.reporters.JUnitReportReporter -->
<testsuite skipped="0" hostname="DESKTOP-KQD3CDK" name="appium.BaseClass" tests="1" failures="0" timestamp="04 Jan 2018 11:07:42 GMT" time="135.345" errors="0">
  <testcase name="config" time="135.345" classname="appium.BaseClass"/>
</testsuite> <!-- appium.BaseClass -->
