<?xml version="1.0" encoding="UTF-8"?>
<!-- Generated by org.testng.reporters.JUnitReportReporter -->
<testsuite skipped="0" hostname="DESKTOP-KQD3CDK" name="tridel.NavigateToSpecificURL" tests="1" failures="0" timestamp="15 Jan 2018 12:49:02 GMT" time="26.162" errors="0">
  <testcase name="loading_test" time="26.162" classname="tridel.NavigateToSpecificURL"/>
</testsuite> <!-- tridel.NavigateToSpecificURL -->
