<?xml version="1.0" encoding="UTF-8"?>
<!-- Generated by org.testng.reporters.JUnitReportReporter -->
<testsuite skipped="0" hostname="DESKTOP-KQD3CDK" name="tridel.LoginMethod" tests="2" failures="0" timestamp="15 Jan 2018 15:26:57 GMT" time="61.922" errors="0">
  <testcase name="unSuccessfulLogin" time="39.318" classname="tridel.LoginMethod"/>
  <testcase name="successfulLogin" time="22.604" classname="tridel.LoginMethod"/>
</testsuite> <!-- tridel.LoginMethod -->
