<?xml version="1.0" encoding="UTF-8"?>
<!-- Generated by org.testng.reporters.JUnitReportReporter -->
<testsuite hostname="DESKTOP-KQD3CDK" failures="0" tests="1" name="demo.TestBat" time="9.198" errors="0" timestamp="24 Jan 2018 10:20:14 GMT" skipped="0">
  <testcase classname="demo.TestBat" name="CallBrowser" time="9.198"/>
</testsuite> <!-- demo.TestBat -->
